<?xml version="1.0" encoding="UTF-8"?>
<!-- Generated by org.testng.reporters.JUnitReportReporter -->
<testsuite hostname="DESKTOP-L8VSLEH" failures="0" tests="2" name="Testcase.ModelsPageTest" time="7.390" errors="0" timestamp="2024-02-06T20:54:49 IST" skipped="0">
  <testcase classname="Testcase.ModelsPageTest" name="navigateToActiv755SundeckExploreModel" time="4.995"/>
  <testcase classname="Testcase.ModelsPageTest" name="navigateToActiv755Sundeck" time="2.395"/>
</testsuite> <!-- Testcase.ModelsPageTest -->
