<?xml version="1.0" encoding="UTF-8"?>
<!-- Generated by org.testng.reporters.JUnitReportReporter -->
<testsuite hostname="DESKTOP-L8VSLEH" failures="0" tests="2" name="Testcase.HomePageTest" time="0.884" errors="0" timestamp="2024-02-06T20:54:49 IST" skipped="0">
  <testcase classname="Testcase.HomePageTest" name="navigateToHome" time="0.431"/>
  <testcase classname="Testcase.HomePageTest" name="navigateToModels" time="0.453"/>
</testsuite> <!-- Testcase.HomePageTest -->
