<?xml version="1.0" encoding="UTF-8"?>
<!-- Generated by org.testng.reporters.JUnitReportReporter -->
<testsuite hostname="DESKTOP-L8VSLEH" failures="0" tests="1" name="Testcase.Active755SundeckPageTest" time="9.360" errors="0" timestamp="2024-02-06T20:54:49 IST" skipped="0">
  <testcase classname="Testcase.Active755SundeckPageTest" name="navigateToConfiguration" time="9.360"/>
</testsuite> <!-- Testcase.Active755SundeckPageTest -->
